2019-12-11T09:28:49+00:00 DEBUG 
====Stripe Version: 4.3.1====
====Start Log====
Keys are not set correctly.
====End Log====


2019-12-11T09:31:26+00:00 DEBUG 
====Stripe Version: 4.3.1====
====Start Log====
Keys are not set correctly.
====End Log====


2019-12-11T09:51:14+00:00 DEBUG 
====Stripe Version: 4.3.1====
====Start Log====
Keys are not set correctly.
====End Log====


2019-12-11T09:59:54+00:00 DEBUG 
====Stripe Version: 4.3.1====
====Start Log====
Keys are not set correctly.
====End Log====


